FAIL [<login>, <--server>, <S>]
FAIL [<login>, <--organization>, <O>, <--server>, <S>]
FAIL [<login>, <--username>, <U>, <--server>, <S>]
FAIL [<login>, <--password>, <P>, <--server>, <S>]
FAIL [<login>, <--username>, <U>, <--organization>, <O>, <--server>, <S>]
FAIL [<login>, <--password>, <P>, <--organization>, <O>, <--server>, <S>]
FAIL [<login>, <--organization>, <O>, <--username>, <U>, <--server>, <S>]
OK [<login>, <--password>, <P>, <--username>, <U>, <--server>, <S>]
FAIL [<login>, <--organization>, <O>, <--password>, <P>, <--server>, <S>]
OK [<login>, <--username>, <U>, <--password>, <P>, <--server>, <S>]
OK [<login>, <--password>, <P>, <--username>, <U>, <--organization>, <O>, <--server>, <S>]
OK [<login>, <--username>, <U>, <--password>, <P>, <--organization>, <O>, <--server>, <S>]
OK [<login>, <--password>, <P>, <--organization>, <O>, <--username>, <U>, <--server>, <S>]
OK [<login>, <--organization>, <O>, <--password>, <P>, <--username>, <U>, <--server>, <S>]
OK [<login>, <--username>, <U>, <--organization>, <O>, <--password>, <P>, <--server>, <S>]
OK [<login>, <--organization>, <O>, <--username>, <U>, <--password>, <P>, <--server>, <S>]
FAIL [<login>, <--username>, <U>]
FAIL [<login>, <--server>, <S>, <--username>, <U>]
FAIL [<login>, <--organization>, <O>, <--username>, <U>]
FAIL [<login>, <--password>, <P>, <--username>, <U>]
FAIL [<login>, <--organization>, <O>, <--server>, <S>, <--username>, <U>]
OK [<login>, <--password>, <P>, <--server>, <S>, <--username>, <U>]
FAIL [<login>, <--server>, <S>, <--organization>, <O>, <--username>, <U>]
FAIL [<login>, <--password>, <P>, <--organization>, <O>, <--username>, <U>]
OK [<login>, <--server>, <S>, <--password>, <P>, <--username>, <U>]
FAIL [<login>, <--organization>, <O>, <--password>, <P>, <--username>, <U>]
OK [<login>, <--password>, <P>, <--organization>, <O>, <--server>, <S>, <--username>, <U>]
OK [<login>, <--organization>, <O>, <--password>, <P>, <--server>, <S>, <--username>, <U>]
OK [<login>, <--password>, <P>, <--server>, <S>, <--organization>, <O>, <--username>, <U>]
OK [<login>, <--server>, <S>, <--password>, <P>, <--organization>, <O>, <--username>, <U>]
OK [<login>, <--organization>, <O>, <--server>, <S>, <--password>, <P>, <--username>, <U>]
OK [<login>, <--server>, <S>, <--organization>, <O>, <--password>, <P>, <--username>, <U>]
FAIL [<login>, <--password>, <P>]
FAIL [<login>, <--server>, <S>, <--password>, <P>]
FAIL [<login>, <--organization>, <O>, <--password>, <P>]
FAIL [<login>, <--username>, <U>, <--password>, <P>]
FAIL [<login>, <--organization>, <O>, <--server>, <S>, <--password>, <P>]
OK [<login>, <--username>, <U>, <--server>, <S>, <--password>, <P>]
FAIL [<login>, <--server>, <S>, <--organization>, <O>, <--password>, <P>]
FAIL [<login>, <--username>, <U>, <--organization>, <O>, <--password>, <P>]
OK [<login>, <--server>, <S>, <--username>, <U>, <--password>, <P>]
FAIL [<login>, <--organization>, <O>, <--username>, <U>, <--password>, <P>]
OK [<login>, <--username>, <U>, <--organization>, <O>, <--server>, <S>, <--password>, <P>]
OK [<login>, <--organization>, <O>, <--username>, <U>, <--server>, <S>, <--password>, <P>]
OK [<login>, <--username>, <U>, <--server>, <S>, <--organization>, <O>, <--password>, <P>]
OK [<login>, <--server>, <S>, <--username>, <U>, <--organization>, <O>, <--password>, <P>]
OK [<login>, <--organization>, <O>, <--server>, <S>, <--username>, <U>, <--password>, <P>]
OK [<login>, <--server>, <S>, <--organization>, <O>, <--username>, <U>, <--password>, <P>]
FAIL [<login>, <--organization>, <O>]
FAIL [<login>, <--server>, <S>, <--organization>, <O>]
FAIL [<login>, <--username>, <U>, <--organization>, <O>]
FAIL [<login>, <--password>, <P>, <--organization>, <O>]
FAIL [<login>, <--username>, <U>, <--server>, <S>, <--organization>, <O>]
FAIL [<login>, <--password>, <P>, <--server>, <S>, <--organization>, <O>]
FAIL [<login>, <--server>, <S>, <--username>, <U>, <--organization>, <O>]
FAIL [<login>, <--password>, <P>, <--username>, <U>, <--organization>, <O>]
FAIL [<login>, <--server>, <S>, <--password>, <P>, <--organization>, <O>]
FAIL [<login>, <--username>, <U>, <--password>, <P>, <--organization>, <O>]
OK [<login>, <--password>, <P>, <--username>, <U>, <--server>, <S>, <--organization>, <O>]
OK [<login>, <--username>, <U>, <--password>, <P>, <--server>, <S>, <--organization>, <O>]
OK [<login>, <--password>, <P>, <--server>, <S>, <--username>, <U>, <--organization>, <O>]
OK [<login>, <--server>, <S>, <--password>, <P>, <--username>, <U>, <--organization>, <O>]
OK [<login>, <--username>, <U>, <--server>, <S>, <--password>, <P>, <--organization>, <O>]
OK [<login>, <--server>, <S>, <--username>, <U>, <--password>, <P>, <--organization>, <O>]
OK [<login>, <CS>]
OK [<export>, <RE>, <RP>]
OK [<export>, <RE>, <RP>, <->>, <F>]
OK [<export>, <RE>, <RP>, <UR>]
OK [<export>, <RE>, <RP>, <IAE>, <UR>]
OK [<export>, <RE>, <RP>, <IME>, <UR>]
OK [<export>, <RE>, <RP>, <IUR>, <UR>]
OK [<export>, <RE>, <RP>, <RPP>, <UR>]
OK [<export>, <RE>, <RP>, <RPP>, <IAE>, <UR>]
OK [<export>, <RE>, <RP>, <->>, <F>, <UR>]
OK [<export>, <RE>, <RP>, <RPP>, <IME>, <UR>]
OK [<export>, <RE>, <RP>, <IUR>, <IME>, <UR>]
OK [<export>, <RE>, <RP>, <IAE>, <IME>, <UR>]
OK [<export>, <RE>, <RP>, <RPP>, <IUR>, <UR>]
OK [<export>, <RE>, <RP>, <IME>, <IUR>, <UR>]
OK [<export>, <RE>, <RP>, <IAE>, <IUR>, <UR>]
OK [<export>, <RE>, <RP>, <IUR>, <RPP>, <UR>]
OK [<export>, <RE>, <RP>, <IME>, <RPP>, <UR>]
OK [<export>, <RE>, <RP>, <IAE>, <RPP>, <UR>]
OK [<export>, <RE>, <RP>, <IUR>, <IAE>, <UR>]
OK [<export>, <RE>, <RP>, <IME>, <IAE>, <UR>]
OK [<export>, <RE>, <RP>, <IME>, <RPP>, <IAE>, <UR>]
OK [<export>, <RE>, <RP>, <IUR>, <IAE>, <IME>, <UR>]
OK [<export>, <RE>, <RP>, <IAE>, <RPP>, <IME>, <UR>]
OK [<export>, <RE>, <RP>, <IUR>, <RPP>, <IME>, <UR>]
OK [<export>, <RE>, <RP>, <IAE>, <IUR>, <IME>, <UR>]
OK [<export>, <RE>, <RP>, <RPP>, <IUR>, <IME>, <UR>]
OK [<export>, <RE>, <RP>, <->>, <F>, <IME>, <UR>]
OK [<export>, <RE>, <RP>, <RPP>, <IAE>, <IME>, <UR>]
OK [<export>, <RE>, <RP>, <IME>, <IAE>, <IUR>, <UR>]
OK [<export>, <RE>, <RP>, <IAE>, <RPP>, <IUR>, <UR>]
OK [<export>, <RE>, <RP>, <IME>, <RPP>, <IUR>, <UR>]
OK [<export>, <RE>, <RP>, <IAE>, <IME>, <IUR>, <UR>]
OK [<export>, <RE>, <RP>, <RPP>, <IME>, <IUR>, <UR>]
OK [<export>, <RE>, <RP>, <->>, <F>, <IUR>, <UR>]
OK [<export>, <RE>, <RP>, <RPP>, <IAE>, <IUR>, <UR>]
OK [<export>, <RE>, <RP>, <IUR>, <IAE>, <RPP>, <UR>]
OK [<export>, <RE>, <RP>, <IAE>, <IUR>, <RPP>, <UR>]
OK [<export>, <RE>, <RP>, <IME>, <IUR>, <RPP>, <UR>]
OK [<export>, <RE>, <RP>, <IAE>, <IME>, <RPP>, <UR>]
OK [<export>, <RE>, <RP>, <IUR>, <IME>, <RPP>, <UR>]
OK [<export>, <RE>, <RP>, <->>, <F>, <RPP>, <UR>]
OK [<export>, <RE>, <RP>, <IME>, <IAE>, <RPP>, <UR>]
OK [<export>, <RE>, <RP>, <IUR>, <RPP>, <IAE>, <UR>]
OK [<export>, <RE>, <RP>, <IME>, <IUR>, <IAE>, <UR>]
OK [<export>, <RE>, <RP>, <RPP>, <IUR>, <IAE>, <UR>]
OK [<export>, <RE>, <RP>, <IUR>, <IME>, <IAE>, <UR>]
OK [<export>, <RE>, <RP>, <RPP>, <IME>, <IAE>, <UR>]
OK [<export>, <RE>, <RP>, <->>, <F>, <IAE>, <UR>]
OK [<export>, <RE>, <RP>, <->>, <F>, <RPP>, <IAE>, <UR>]
OK [<export>, <RE>, <RP>, <RPP>, <IUR>, <IAE>, <IME>, <UR>]
OK [<export>, <RE>, <RP>, <IUR>, <RPP>, <IAE>, <IME>, <UR>]
OK [<export>, <RE>, <RP>, <->>, <F>, <RPP>, <IME>, <UR>]
OK [<export>, <RE>, <RP>, <IAE>, <IUR>, <RPP>, <IME>, <UR>]
OK [<export>, <RE>, <RP>, <IUR>, <IAE>, <RPP>, <IME>, <UR>]
OK [<export>, <RE>, <RP>, <RPP>, <IAE>, <IUR>, <IME>, <UR>]
OK [<export>, <RE>, <RP>, <->>, <F>, <IUR>, <IME>, <UR>]
OK [<export>, <RE>, <RP>, <IAE>, <RPP>, <IUR>, <IME>, <UR>]
OK [<export>, <RE>, <RP>, <->>, <F>, <IAE>, <IME>, <UR>]
OK [<export>, <RE>, <RP>, <->>, <F>, <IAE>, <IUR>, <UR>]
OK [<export>, <RE>, <RP>, <RPP>, <IME>, <IAE>, <IUR>, <UR>]
OK [<export>, <RE>, <RP>, <IME>, <IAE>, <RPP>, <IUR>, <UR>]
OK [<export>, <RE>, <RP>, <->>, <F>, <RPP>, <IUR>, <UR>]
OK [<export>, <RE>, <RP>, <IAE>, <IME>, <RPP>, <IUR>, <UR>]
OK [<export>, <RE>, <RP>, <RPP>, <IAE>, <IME>, <IUR>, <UR>]
OK [<export>, <RE>, <RP>, <->>, <F>, <IME>, <IUR>, <UR>]
OK [<export>, <RE>, <RP>, <IAE>, <RPP>, <IME>, <IUR>, <UR>]
OK [<export>, <RE>, <RP>, <IME>, <RPP>, <IAE>, <IUR>, <UR>]
OK [<export>, <RE>, <RP>, <IUR>, <IME>, <IAE>, <RPP>, <UR>]
OK [<export>, <RE>, <RP>, <IME>, <IUR>, <IAE>, <RPP>, <UR>]
OK [<export>, <RE>, <RP>, <->>, <F>, <IUR>, <RPP>, <UR>]
OK [<export>, <RE>, <RP>, <IAE>, <IME>, <IUR>, <RPP>, <UR>]
OK [<export>, <RE>, <RP>, <IME>, <IAE>, <IUR>, <RPP>, <UR>]
OK [<export>, <RE>, <RP>, <->>, <F>, <IME>, <RPP>, <UR>]
OK [<export>, <RE>, <RP>, <IAE>, <IUR>, <IME>, <RPP>, <UR>]
OK [<export>, <RE>, <RP>, <IUR>, <IAE>, <IME>, <RPP>, <UR>]
OK [<export>, <RE>, <RP>, <->>, <F>, <IAE>, <RPP>, <UR>]
OK [<export>, <RE>, <RP>, <IUR>, <IME>, <RPP>, <IAE>, <UR>]
OK [<export>, <RE>, <RP>, <IME>, <IUR>, <RPP>, <IAE>, <UR>]
OK [<export>, <RE>, <RP>, <->>, <F>, <IUR>, <IAE>, <UR>]
OK [<export>, <RE>, <RP>, <RPP>, <IME>, <IUR>, <IAE>, <UR>]
OK [<export>, <RE>, <RP>, <IME>, <RPP>, <IUR>, <IAE>, <UR>]
OK [<export>, <RE>, <RP>, <->>, <F>, <IME>, <IAE>, <UR>]
OK [<export>, <RE>, <RP>, <RPP>, <IUR>, <IME>, <IAE>, <UR>]
OK [<export>, <RE>, <RP>, <IUR>, <RPP>, <IME>, <IAE>, <UR>]
OK [<export>, <RE>, <RP>, <->>, <F>, <IME>, <RPP>, <IAE>, <UR>]
OK [<export>, <RE>, <RP>, <->>, <F>, <IUR>, <IAE>, <IME>, <UR>]
OK [<export>, <RE>, <RP>, <->>, <F>, <IAE>, <RPP>, <IME>, <UR>]
OK [<export>, <RE>, <RP>, <->>, <F>, <IUR>, <RPP>, <IME>, <UR>]
OK [<export>, <RE>, <RP>, <->>, <F>, <RPP>, <IUR>, <IME>, <UR>]
OK [<export>, <RE>, <RP>, <->>, <F>, <IAE>, <IUR>, <IME>, <UR>]
OK [<export>, <RE>, <RP>, <->>, <F>, <RPP>, <IAE>, <IME>, <UR>]
OK [<export>, <RE>, <RP>, <->>, <F>, <IME>, <IAE>, <IUR>, <UR>]
OK [<export>, <RE>, <RP>, <->>, <F>, <IAE>, <RPP>, <IUR>, <UR>]
OK [<export>, <RE>, <RP>, <->>, <F>, <IME>, <RPP>, <IUR>, <UR>]
OK [<export>, <RE>, <RP>, <->>, <F>, <IAE>, <IME>, <IUR>, <UR>]
OK [<export>, <RE>, <RP>, <->>, <F>, <RPP>, <IME>, <IUR>, <UR>]
OK [<export>, <RE>, <RP>, <->>, <F>, <RPP>, <IAE>, <IUR>, <UR>]
OK [<export>, <RE>, <RP>, <->>, <F>, <IUR>, <IAE>, <RPP>, <UR>]
OK [<export>, <RE>, <RP>, <->>, <F>, <IME>, <IUR>, <RPP>, <UR>]
OK [<export>, <RE>, <RP>, <->>, <F>, <IAE>, <IUR>, <RPP>, <UR>]
OK [<export>, <RE>, <RP>, <->>, <F>, <IAE>, <IME>, <RPP>, <UR>]
OK [<export>, <RE>, <RP>, <->>, <F>, <IUR>, <IME>, <RPP>, <UR>]
OK [<export>, <RE>, <RP>, <->>, <F>, <IME>, <IAE>, <RPP>, <UR>]
OK [<export>, <RE>, <RP>, <->>, <F>, <IUR>, <RPP>, <IAE>, <UR>]
OK [<export>, <RE>, <RP>, <->>, <F>, <IME>, <IUR>, <IAE>, <UR>]
OK [<export>, <RE>, <RP>, <->>, <F>, <RPP>, <IUR>, <IAE>, <UR>]
OK [<export>, <RE>, <RP>, <->>, <F>, <IUR>, <IME>, <IAE>, <UR>]
OK [<export>, <RE>, <RP>, <->>, <F>, <RPP>, <IME>, <IAE>, <UR>]
OK [<export>, <RE>, <RP>, <->>, <F>, <IUR>, <IME>, <RPP>, <IAE>, <UR>]
OK [<export>, <RE>, <RP>, <->>, <F>, <IUR>, <RPP>, <IAE>, <IME>, <UR>]
OK [<export>, <RE>, <RP>, <->>, <F>, <IAE>, <IUR>, <RPP>, <IME>, <UR>]
OK [<export>, <RE>, <RP>, <->>, <F>, <IUR>, <IAE>, <RPP>, <IME>, <UR>]
OK [<export>, <RE>, <RP>, <->>, <F>, <RPP>, <IAE>, <IUR>, <IME>, <UR>]
OK [<export>, <RE>, <RP>, <->>, <F>, <IAE>, <RPP>, <IUR>, <IME>, <UR>]
OK [<export>, <RE>, <RP>, <->>, <F>, <RPP>, <IUR>, <IAE>, <IME>, <UR>]
OK [<export>, <RE>, <RP>, <->>, <F>, <RPP>, <IME>, <IAE>, <IUR>, <UR>]
OK [<export>, <RE>, <RP>, <->>, <F>, <IME>, <IAE>, <RPP>, <IUR>, <UR>]
OK [<export>, <RE>, <RP>, <->>, <F>, <IAE>, <IME>, <RPP>, <IUR>, <UR>]
OK [<export>, <RE>, <RP>, <->>, <F>, <RPP>, <IAE>, <IME>, <IUR>, <UR>]
OK [<export>, <RE>, <RP>, <->>, <F>, <IAE>, <RPP>, <IME>, <IUR>, <UR>]
OK [<export>, <RE>, <RP>, <->>, <F>, <IME>, <RPP>, <IAE>, <IUR>, <UR>]
OK [<export>, <RE>, <RP>, <->>, <F>, <IME>, <IUR>, <IAE>, <RPP>, <UR>]
OK [<export>, <RE>, <RP>, <->>, <F>, <IAE>, <IME>, <IUR>, <RPP>, <UR>]
OK [<export>, <RE>, <RP>, <->>, <F>, <IME>, <IAE>, <IUR>, <RPP>, <UR>]
OK [<export>, <RE>, <RP>, <->>, <F>, <IAE>, <IUR>, <IME>, <RPP>, <UR>]
OK [<export>, <RE>, <RP>, <->>, <F>, <IUR>, <IAE>, <IME>, <RPP>, <UR>]
OK [<export>, <RE>, <RP>, <->>, <F>, <IUR>, <IME>, <IAE>, <RPP>, <UR>]
OK [<export>, <RE>, <RP>, <->>, <F>, <IME>, <IUR>, <RPP>, <IAE>, <UR>]
OK [<export>, <RE>, <RP>, <->>, <F>, <RPP>, <IME>, <IUR>, <IAE>, <UR>]
OK [<export>, <RE>, <RP>, <->>, <F>, <IME>, <RPP>, <IUR>, <IAE>, <UR>]
OK [<export>, <RE>, <RP>, <->>, <F>, <RPP>, <IUR>, <IME>, <IAE>, <UR>]
OK [<export>, <RE>, <RP>, <->>, <F>, <IUR>, <RPP>, <IME>, <IAE>, <UR>]
OK [<export>, <RE>, <RP>, <IUR>]
OK [<export>, <RE>, <RP>, <IAE>, <IUR>]
OK [<export>, <RE>, <RP>, <UR>, <IUR>]
OK [<export>, <RE>, <RP>, <IME>, <IUR>]
OK [<export>, <RE>, <RP>, <RPP>, <IUR>]
OK [<export>, <RE>, <RP>, <RPP>, <IAE>, <IUR>]
OK [<export>, <RE>, <RP>, <->>, <F>, <IUR>]
OK [<export>, <RE>, <RP>, <RPP>, <UR>, <IUR>]
OK [<export>, <RE>, <RP>, <IME>, <UR>, <IUR>]
OK [<export>, <RE>, <RP>, <IAE>, <UR>, <IUR>]
OK [<export>, <RE>, <RP>, <RPP>, <IME>, <IUR>]
OK [<export>, <RE>, <RP>, <UR>, <IME>, <IUR>]
OK [<export>, <RE>, <RP>, <IAE>, <IME>, <IUR>]
OK [<export>, <RE>, <RP>, <IME>, <RPP>, <IUR>]
OK [<export>, <RE>, <RP>, <UR>, <RPP>, <IUR>]
OK [<export>, <RE>, <RP>, <IAE>, <RPP>, <IUR>]
OK [<export>, <RE>, <RP>, <IME>, <IAE>, <IUR>]
OK [<export>, <RE>, <RP>, <UR>, <IAE>, <IUR>]
OK [<export>, <RE>, <RP>, <UR>, <RPP>, <IAE>, <IUR>]
OK [<export>, <RE>, <RP>, <IME>, <IAE>, <UR>, <IUR>]
OK [<export>, <RE>, <RP>, <IAE>, <RPP>, <UR>, <IUR>]
OK [<export>, <RE>, <RP>, <IME>, <RPP>, <UR>, <IUR>]
OK [<export>, <RE>, <RP>, <IAE>, <IME>, <UR>, <IUR>]
OK [<export>, <RE>, <RP>, <RPP>, <IME>, <UR>, <IUR>]
OK [<export>, <RE>, <RP>, <->>, <F>, <UR>, <IUR>]
OK [<export>, <RE>, <RP>, <RPP>, <IAE>, <UR>, <IUR>]
OK [<export>, <RE>, <RP>, <UR>, <IAE>, <IME>, <IUR>]
OK [<export>, <RE>, <RP>, <IAE>, <RPP>, <IME>, <IUR>]
OK [<export>, <RE>, <RP>, <UR>, <RPP>, <IME>, <IUR>]
OK [<export>, <RE>, <RP>, <IAE>, <UR>, <IME>, <IUR>]
OK [<export>, <RE>, <RP>, <RPP>, <UR>, <IME>, <IUR>]
OK [<export>, <RE>, <RP>, <->>, <F>, <IME>, <IUR>]
OK [<export>, <RE>, <RP>, <RPP>, <IAE>, <IME>, <IUR>]
OK [<export>, <RE>, <RP>, <IME>, <IAE>, <RPP>, <IUR>]
OK [<export>, <RE>, <RP>, <IAE>, <IME>, <RPP>, <IUR>]
OK [<export>, <RE>, <RP>, <UR>, <IME>, <RPP>, <IUR>]
OK [<export>, <RE>, <RP>, <IAE>, <UR>, <RPP>, <IUR>]
OK [<export>, <RE>, <RP>, <IME>, <UR>, <RPP>, <IUR>]
OK [<export>, <RE>, <RP>, <->>, <F>, <RPP>, <IUR>]
OK [<export>, <RE>, <RP>, <UR>, <IAE>, <RPP>, <IUR>]
OK [<export>, <RE>, <RP>, <IME>, <RPP>, <IAE>, <IUR>]
OK [<export>, <RE>, <RP>, <UR>, <IME>, <IAE>, <IUR>]
OK [<export>, <RE>, <RP>, <RPP>, <IME>, <IAE>, <IUR>]
OK [<export>, <RE>, <RP>, <IME>, <UR>, <IAE>, <IUR>]
OK [<export>, <RE>, <RP>, <RPP>, <UR>, <IAE>, <IUR>]
OK [<export>, <RE>, <RP>, <->>, <F>, <IAE>, <IUR>]
OK [<export>, <RE>, <RP>, <->>, <F>, <RPP>, <IAE>, <IUR>]
OK [<export>, <RE>, <RP>, <RPP>, <IME>, <IAE>, <UR>, <IUR>]
OK [<export>, <RE>, <RP>, <IME>, <RPP>, <IAE>, <UR>, <IUR>]
OK [<export>, <RE>, <RP>, <->>, <F>, <RPP>, <UR>, <IUR>]
OK [<export>, <RE>, <RP>, <IAE>, <IME>, <RPP>, <UR>, <IUR>]
OK [<export>, <RE>, <RP>, <IME>, <IAE>, <RPP>, <UR>, <IUR>]
OK [<export>, <RE>, <RP>, <RPP>, <IAE>, <IME>, <UR>, <IUR>]
OK [<export>, <RE>, <RP>, <->>, <F>, <IME>, <UR>, <IUR>]
OK [<export>, <RE>, <RP>, <IAE>, <RPP>, <IME>, <UR>, <IUR>]
OK [<export>, <RE>, <RP>, <->>, <F>, <IAE>, <UR>, <IUR>]
OK [<export>, <RE>, <RP>, <->>, <F>, <IAE>, <IME>, <IUR>]
OK [<export>, <RE>, <RP>, <RPP>, <UR>, <IAE>, <IME>, <IUR>]
OK [<export>, <RE>, <RP>, <UR>, <IAE>, <RPP>, <IME>, <IUR>]
OK [<export>, <RE>, <RP>, <->>, <F>, <RPP>, <IME>, <IUR>]
OK [<export>, <RE>, <RP>, <IAE>, <UR>, <RPP>, <IME>, <IUR>]
OK [<export>, <RE>, <RP>, <RPP>, <IAE>, <UR>, <IME>, <IUR>]
OK [<export>, <RE>, <RP>, <->>, <F>, <UR>, <IME>, <IUR>]
OK [<export>, <RE>, <RP>, <IAE>, <RPP>, <UR>, <IME>, <IUR>]
OK [<export>, <RE>, <RP>, <UR>, <RPP>, <IAE>, <IME>, <IUR>]
OK [<export>, <RE>, <RP>, <IME>, <UR>, <IAE>, <RPP>, <IUR>]
OK [<export>, <RE>, <RP>, <UR>, <IME>, <IAE>, <RPP>, <IUR>]
OK [<export>, <RE>, <RP>, <->>, <F>, <IME>, <RPP>, <IUR>]
OK [<export>, <RE>, <RP>, <IAE>, <UR>, <IME>, <RPP>, <IUR>]
OK [<export>, <RE>, <RP>, <UR>, <IAE>, <IME>, <RPP>, <IUR>]
OK [<export>, <RE>, <RP>, <->>, <F>, <UR>, <RPP>, <IUR>]
OK [<export>, <RE>, <RP>, <IAE>, <IME>, <UR>, <RPP>, <IUR>]
OK [<export>, <RE>, <RP>, <IME>, <IAE>, <UR>, <RPP>, <IUR>]
OK [<export>, <RE>, <RP>, <->>, <F>, <IAE>, <RPP>, <IUR>]
OK [<export>, <RE>, <RP>, <IME>, <UR>, <RPP>, <IAE>, <IUR>]
OK [<export>, <RE>, <RP>, <UR>, <IME>, <RPP>, <IAE>, <IUR>]
OK [<export>, <RE>, <RP>, <->>, <F>, <IME>, <IAE>, <IUR>]
OK [<export>, <RE>, <RP>, <RPP>, <UR>, <IME>, <IAE>, <IUR>]
OK [<export>, <RE>, <RP>, <UR>, <RPP>, <IME>, <IAE>, <IUR>]
OK [<export>, <RE>, <RP>, <->>, <F>, <UR>, <IAE>, <IUR>]
OK [<export>, <RE>, <RP>, <RPP>, <IME>, <UR>, <IAE>, <IUR>]
OK [<export>, <RE>, <RP>, <IME>, <RPP>, <UR>, <IAE>, <IUR>]
OK [<export>, <RE>, <RP>, <->>, <F>, <UR>, <RPP>, <IAE>, <IUR>]
OK [<export>, <RE>, <RP>, <->>, <F>, <IME>, <IAE>, <UR>, <IUR>]
OK [<export>, <RE>, <RP>, <->>, <F>, <IAE>, <RPP>, <UR>, <IUR>]
OK [<export>, <RE>, <RP>, <->>, <F>, <IME>, <RPP>, <UR>, <IUR>]
OK [<export>, <RE>, <RP>, <->>, <F>, <RPP>, <IME>, <UR>, <IUR>]
OK [<export>, <RE>, <RP>, <->>, <F>, <IAE>, <IME>, <UR>, <IUR>]
OK [<export>, <RE>, <RP>, <->>, <F>, <RPP>, <IAE>, <UR>, <IUR>]
OK [<export>, <RE>, <RP>, <->>, <F>, <UR>, <IAE>, <IME>, <IUR>]
OK [<export>, <RE>, <RP>, <->>, <F>, <IAE>, <RPP>, <IME>, <IUR>]
OK [<export>, <RE>, <RP>, <->>, <F>, <UR>, <RPP>, <IME>, <IUR>]
OK [<export>, <RE>, <RP>, <->>, <F>, <IAE>, <UR>, <IME>, <IUR>]
OK [<export>, <RE>, <RP>, <->>, <F>, <RPP>, <UR>, <IME>, <IUR>]
OK [<export>, <RE>, <RP>, <->>, <F>, <RPP>, <IAE>, <IME>, <IUR>]
OK [<export>, <RE>, <RP>, <->>, <F>, <IME>, <IAE>, <RPP>, <IUR>]
OK [<export>, <RE>, <RP>, <->>, <F>, <UR>, <IME>, <RPP>, <IUR>]
OK [<export>, <RE>, <RP>, <->>, <F>, <IAE>, <IME>, <RPP>, <IUR>]
OK [<export>, <RE>, <RP>, <->>, <F>, <IAE>, <UR>, <RPP>, <IUR>]
OK [<export>, <RE>, <RP>, <->>, <F>, <IME>, <UR>, <RPP>, <IUR>]
OK [<export>, <RE>, <RP>, <->>, <F>, <UR>, <IAE>, <RPP>, <IUR>]
OK [<export>, <RE>, <RP>, <->>, <F>, <IME>, <RPP>, <IAE>, <IUR>]
OK [<export>, <RE>, <RP>, <->>, <F>, <UR>, <IME>, <IAE>, <IUR>]
OK [<export>, <RE>, <RP>, <->>, <F>, <RPP>, <IME>, <IAE>, <IUR>]
OK [<export>, <RE>, <RP>, <->>, <F>, <IME>, <UR>, <IAE>, <IUR>]
OK [<export>, <RE>, <RP>, <->>, <F>, <RPP>, <UR>, <IAE>, <IUR>]
OK [<export>, <RE>, <RP>, <->>, <F>, <IME>, <UR>, <RPP>, <IAE>, <IUR>]
OK [<export>, <RE>, <RP>, <->>, <F>, <IME>, <RPP>, <IAE>, <UR>, <IUR>]
OK [<export>, <RE>, <RP>, <->>, <F>, <IAE>, <IME>, <RPP>, <UR>, <IUR>]
OK [<export>, <RE>, <RP>, <->>, <F>, <IME>, <IAE>, <RPP>, <UR>, <IUR>]
OK [<export>, <RE>, <RP>, <->>, <F>, <RPP>, <IAE>, <IME>, <UR>, <IUR>]
OK [<export>, <RE>, <RP>, <->>, <F>, <IAE>, <RPP>, <IME>, <UR>, <IUR>]
OK [<export>, <RE>, <RP>, <->>, <F>, <RPP>, <IME>, <IAE>, <UR>, <IUR>]
OK [<export>, <RE>, <RP>, <->>, <F>, <RPP>, <UR>, <IAE>, <IME>, <IUR>]
OK [<export>, <RE>, <RP>, <->>, <F>, <UR>, <IAE>, <RPP>, <IME>, <IUR>]
OK [<export>, <RE>, <RP>, <->>, <F>, <IAE>, <UR>, <RPP>, <IME>, <IUR>]
OK [<export>, <RE>, <RP>, <->>, <F>, <RPP>, <IAE>, <UR>, <IME>, <IUR>]
OK [<export>, <RE>, <RP>, <->>, <F>, <IAE>, <RPP>, <UR>, <IME>, <IUR>]
OK [<export>, <RE>, <RP>, <->>, <F>, <UR>, <RPP>, <IAE>, <IME>, <IUR>]
OK [<export>, <RE>, <RP>, <->>, <F>, <UR>, <IME>, <IAE>, <RPP>, <IUR>]
OK [<export>, <RE>, <RP>, <->>, <F>, <IAE>, <UR>, <IME>, <RPP>, <IUR>]
OK [<export>, <RE>, <RP>, <->>, <F>, <UR>, <IAE>, <IME>, <RPP>, <IUR>]
OK [<export>, <RE>, <RP>, <->>, <F>, <IAE>, <IME>, <UR>, <RPP>, <IUR>]
OK [<export>, <RE>, <RP>, <->>, <F>, <IME>, <IAE>, <UR>, <RPP>, <IUR>]
OK [<export>, <RE>, <RP>, <->>, <F>, <IME>, <UR>, <IAE>, <RPP>, <IUR>]
OK [<export>, <RE>, <RP>, <->>, <F>, <UR>, <IME>, <RPP>, <IAE>, <IUR>]
OK [<export>, <RE>, <RP>, <->>, <F>, <RPP>, <UR>, <IME>, <IAE>, <IUR>]
OK [<export>, <RE>, <RP>, <->>, <F>, <UR>, <RPP>, <IME>, <IAE>, <IUR>]
OK [<export>, <RE>, <RP>, <->>, <F>, <RPP>, <IME>, <UR>, <IAE>, <IUR>]
OK [<export>, <RE>, <RP>, <->>, <F>, <IME>, <RPP>, <UR>, <IAE>, <IUR>]
OK [<export>, <RE>, <RP>, <IME>]
OK [<export>, <RE>, <RP>, <IAE>, <IME>]
OK [<export>, <RE>, <RP>, <UR>, <IME>]
OK [<export>, <RE>, <RP>, <IUR>, <IME>]
OK [<export>, <RE>, <RP>, <RPP>, <IME>]
OK [<export>, <RE>, <RP>, <RPP>, <IAE>, <IME>]
OK [<export>, <RE>, <RP>, <->>, <F>, <IME>]
OK [<export>, <RE>, <RP>, <RPP>, <UR>, <IME>]
OK [<export>, <RE>, <RP>, <IUR>, <UR>, <IME>]
OK [<export>, <RE>, <RP>, <IAE>, <UR>, <IME>]
OK [<export>, <RE>, <RP>, <RPP>, <IUR>, <IME>]
OK [<export>, <RE>, <RP>, <UR>, <IUR>, <IME>]
OK [<export>, <RE>, <RP>, <IAE>, <IUR>, <IME>]
OK [<export>, <RE>, <RP>, <IUR>, <RPP>, <IME>]
OK [<export>, <RE>, <RP>, <UR>, <RPP>, <IME>]
OK [<export>, <RE>, <RP>, <IAE>, <RPP>, <IME>]
OK [<export>, <RE>, <RP>, <IUR>, <IAE>, <IME>]
OK [<export>, <RE>, <RP>, <UR>, <IAE>, <IME>]
OK [<export>, <RE>, <RP>, <UR>, <RPP>, <IAE>, <IME>]
OK [<export>, <RE>, <RP>, <IUR>, <IAE>, <UR>, <IME>]
OK [<export>, <RE>, <RP>, <IAE>, <RPP>, <UR>, <IME>]
OK [<export>, <RE>, <RP>, <IUR>, <RPP>, <UR>, <IME>]
OK [<export>, <RE>, <RP>, <IAE>, <IUR>, <UR>, <IME>]
OK [<export>, <RE>, <RP>, <RPP>, <IUR>, <UR>, <IME>]
OK [<export>, <RE>, <RP>, <->>, <F>, <UR>, <IME>]
OK [<export>, <RE>, <RP>, <RPP>, <IAE>, <UR>, <IME>]
OK [<export>, <RE>, <RP>, <UR>, <IAE>, <IUR>, <IME>]
OK [<export>, <RE>, <RP>, <IAE>, <RPP>, <IUR>, <IME>]
OK [<export>, <RE>, <RP>, <UR>, <RPP>, <IUR>, <IME>]
OK [<export>, <RE>, <RP>, <IAE>, <UR>, <IUR>, <IME>]
OK [<export>, <RE>, <RP>, <RPP>, <UR>, <IUR>, <IME>]
OK [<export>, <RE>, <RP>, <->>, <F>, <IUR>, <IME>]
OK [<export>, <RE>, <RP>, <RPP>, <IAE>, <IUR>, <IME>]
OK [<export>, <RE>, <RP>, <IUR>, <IAE>, <RPP>, <IME>]
OK [<export>, <RE>, <RP>, <IAE>, <IUR>, <RPP>, <IME>]
OK [<export>, <RE>, <RP>, <UR>, <IUR>, <RPP>, <IME>]
OK [<export>, <RE>, <RP>, <IAE>, <UR>, <RPP>, <IME>]
OK [<export>, <RE>, <RP>, <IUR>, <UR>, <RPP>, <IME>]
OK [<export>, <RE>, <RP>, <->>, <F>, <RPP>, <IME>]
OK [<export>, <RE>, <RP>, <UR>, <IAE>, <RPP>, <IME>]
OK [<export>, <RE>, <RP>, <IUR>, <RPP>, <IAE>, <IME>]
OK [<export>, <RE>, <RP>, <UR>, <IUR>, <IAE>, <IME>]
OK [<export>, <RE>, <RP>, <RPP>, <IUR>, <IAE>, <IME>]
OK [<export>, <RE>, <RP>, <IUR>, <UR>, <IAE>, <IME>]
OK [<export>, <RE>, <RP>, <RPP>, <UR>, <IAE>, <IME>]
OK [<export>, <RE>, <RP>, <->>, <F>, <IAE>, <IME>]
OK [<export>, <RE>, <RP>, <->>, <F>, <RPP>, <IAE>, <IME>]
OK [<export>, <RE>, <RP>, <RPP>, <IUR>, <IAE>, <UR>, <IME>]
OK [<export>, <RE>, <RP>, <IUR>, <RPP>, <IAE>, <UR>, <IME>]
OK [<export>, <RE>, <RP>, <->>, <F>, <RPP>, <UR>, <IME>]
OK [<export>, <RE>, <RP>, <IAE>, <IUR>, <RPP>, <UR>, <IME>]
OK [<export>, <RE>, <RP>, <IUR>, <IAE>, <RPP>, <UR>, <IME>]
OK [<export>, <RE>, <RP>, <RPP>, <IAE>, <IUR>, <UR>, <IME>]
OK [<export>, <RE>, <RP>, <->>, <F>, <IUR>, <UR>, <IME>]
OK [<export>, <RE>, <RP>, <IAE>, <RPP>, <IUR>, <UR>, <IME>]
OK [<export>, <RE>, <RP>, <->>, <F>, <IAE>, <UR>, <IME>]
OK [<export>, <RE>, <RP>, <->>, <F>, <IAE>, <IUR>, <IME>]
OK [<export>, <RE>, <RP>, <RPP>, <UR>, <IAE>, <IUR>, <IME>]
OK [<export>, <RE>, <RP>, <UR>, <IAE>, <RPP>, <IUR>, <IME>]
OK [<export>, <RE>, <RP>, <->>, <F>, <RPP>, <IUR>, <IME>]
OK [<export>, <RE>, <RP>, <IAE>, <UR>, <RPP>, <IUR>, <IME>]
OK [<export>, <RE>, <RP>, <RPP>, <IAE>, <UR>, <IUR>, <IME>]
OK [<export>, <RE>, <RP>, <->>, <F>, <UR>, <IUR>, <IME>]
OK [<export>, <RE>, <RP>, <IAE>, <RPP>, <UR>, <IUR>, <IME>]
OK [<export>, <RE>, <RP>, <UR>, <RPP>, <IAE>, <IUR>, <IME>]
OK [<export>, <RE>, <RP>, <IUR>, <UR>, <IAE>, <RPP>, <IME>]
OK [<export>, <RE>, <RP>, <UR>, <IUR>, <IAE>, <RPP>, <IME>]
OK [<export>, <RE>, <RP>, <->>, <F>, <IUR>, <RPP>, <IME>]
OK [<export>, <RE>, <RP>, <IAE>, <UR>, <IUR>, <RPP>, <IME>]
OK [<export>, <RE>, <RP>, <UR>, <IAE>, <IUR>, <RPP>, <IME>]
OK [<export>, <RE>, <RP>, <->>, <F>, <UR>, <RPP>, <IME>]
OK [<export>, <RE>, <RP>, <IAE>, <IUR>, <UR>, <RPP>, <IME>]
OK [<export>, <RE>, <RP>, <IUR>, <IAE>, <UR>, <RPP>, <IME>]
OK [<export>, <RE>, <RP>, <->>, <F>, <IAE>, <RPP>, <IME>]
OK [<export>, <RE>, <RP>, <IUR>, <UR>, <RPP>, <IAE>, <IME>]
OK [<export>, <RE>, <RP>, <UR>, <IUR>, <RPP>, <IAE>, <IME>]
OK [<export>, <RE>, <RP>, <->>, <F>, <IUR>, <IAE>, <IME>]
OK [<export>, <RE>, <RP>, <RPP>, <UR>, <IUR>, <IAE>, <IME>]
OK [<export>, <RE>, <RP>, <UR>, <RPP>, <IUR>, <IAE>, <IME>]
OK [<export>, <RE>, <RP>, <->>, <F>, <UR>, <IAE>, <IME>]
OK [<export>, <RE>, <RP>, <RPP>, <IUR>, <UR>, <IAE>, <IME>]
OK [<export>, <RE>, <RP>, <IUR>, <RPP>, <UR>, <IAE>, <IME>]
OK [<export>, <RE>, <RP>, <->>, <F>, <UR>, <RPP>, <IAE>, <IME>]
OK [<export>, <RE>, <RP>, <->>, <F>, <IUR>, <IAE>, <UR>, <IME>]
OK [<export>, <RE>, <RP>, <->>, <F>, <IAE>, <RPP>, <UR>, <IME>]
OK [<export>, <RE>, <RP>, <->>, <F>, <IUR>, <RPP>, <UR>, <IME>]
OK [<export>, <RE>, <RP>, <->>, <F>, <RPP>, <IUR>, <UR>, <IME>]
OK [<export>, <RE>, <RP>, <->>, <F>, <IAE>, <IUR>, <UR>, <IME>]
OK [<export>, <RE>, <RP>, <->>, <F>, <RPP>, <IAE>, <UR>, <IME>]
OK [<export>, <RE>, <RP>, <->>, <F>, <UR>, <IAE>, <IUR>, <IME>]
OK [<export>, <RE>, <RP>, <->>, <F>, <IAE>, <RPP>, <IUR>, <IME>]
OK [<export>, <RE>, <RP>, <->>, <F>, <UR>, <RPP>, <IUR>, <IME>]
OK [<export>, <RE>, <RP>, <->>, <F>, <IAE>, <UR>, <IUR>, <IME>]
OK [<export>, <RE>, <RP>, <->>, <F>, <RPP>, <UR>, <IUR>, <IME>]
OK [<export>, <RE>, <RP>, <->>, <F>, <RPP>, <IAE>, <IUR>, <IME>]
OK [<export>, <RE>, <RP>, <->>, <F>, <IUR>, <IAE>, <RPP>, <IME>]
OK [<export>, <RE>, <RP>, <->>, <F>, <UR>, <IUR>, <RPP>, <IME>]
OK [<export>, <RE>, <RP>, <->>, <F>, <IAE>, <IUR>, <RPP>, <IME>]
OK [<export>, <RE>, <RP>, <->>, <F>, <IAE>, <UR>, <RPP>, <IME>]
OK [<export>, <RE>, <RP>, <->>, <F>, <IUR>, <UR>, <RPP>, <IME>]
OK [<export>, <RE>, <RP>, <->>, <F>, <UR>, <IAE>, <RPP>, <IME>]
OK [<export>, <RE>, <RP>, <->>, <F>, <IUR>, <RPP>, <IAE>, <IME>]
OK [<export>, <RE>, <RP>, <->>, <F>, <UR>, <IUR>, <IAE>, <IME>]
OK [<export>, <RE>, <RP>, <->>, <F>, <RPP>, <IUR>, <IAE>, <IME>]
OK [<export>, <RE>, <RP>, <->>, <F>, <IUR>, <UR>, <IAE>, <IME>]
OK [<export>, <RE>, <RP>, <->>, <F>, <RPP>, <UR>, <IAE>, <IME>]
OK [<export>, <RE>, <RP>, <->>, <F>, <IUR>, <UR>, <RPP>, <IAE>, <IME>]
OK [<export>, <RE>, <RP>, <->>, <F>, <IUR>, <RPP>, <IAE>, <UR>, <IME>]
OK [<export>, <RE>, <RP>, <->>, <F>, <IAE>, <IUR>, <RPP>, <UR>, <IME>]
OK [<export>, <RE>, <RP>, <->>, <F>, <IUR>, <IAE>, <RPP>, <UR>, <IME>]
OK [<export>, <RE>, <RP>, <->>, <F>, <RPP>, <IAE>, <IUR>, <UR>, <IME>]
OK [<export>, <RE>, <RP>, <->>, <F>, <IAE>, <RPP>, <IUR>, <UR>, <IME>]
OK [<export>, <RE>, <RP>, <->>, <F>, <RPP>, <IUR>, <IAE>, <UR>, <IME>]
OK [<export>, <RE>, <RP>, <->>, <F>, <RPP>, <UR>, <IAE>, <IUR>, <IME>]
OK [<export>, <RE>, <RP>, <->>, <F>, <UR>, <IAE>, <RPP>, <IUR>, <IME>]
OK [<export>, <RE>, <RP>, <->>, <F>, <IAE>, <UR>, <RPP>, <IUR>, <IME>]
OK [<export>, <RE>, <RP>, <->>, <F>, <RPP>, <IAE>, <UR>, <IUR>, <IME>]
OK [<export>, <RE>, <RP>, <->>, <F>, <IAE>, <RPP>, <UR>, <IUR>, <IME>]
OK [<export>, <RE>, <RP>, <->>, <F>, <UR>, <RPP>, <IAE>, <IUR>, <IME>]
OK [<export>, <RE>, <RP>, <->>, <F>, <UR>, <IUR>, <IAE>, <RPP>, <IME>]
OK [<export>, <RE>, <RP>, <->>, <F>, <IAE>, <UR>, <IUR>, <RPP>, <IME>]
OK [<export>, <RE>, <RP>, <->>, <F>, <UR>, <IAE>, <IUR>, <RPP>, <IME>]
OK [<export>, <RE>, <RP>, <->>, <F>, <IAE>, <IUR>, <UR>, <RPP>, <IME>]
OK [<export>, <RE>, <RP>, <->>, <F>, <IUR>, <IAE>, <UR>, <RPP>, <IME>]
OK [<export>, <RE>, <RP>, <->>, <F>, <IUR>, <UR>, <IAE>, <RPP>, <IME>]
OK [<export>, <RE>, <RP>, <->>, <F>, <UR>, <IUR>, <RPP>, <IAE>, <IME>]
OK [<export>, <RE>, <RP>, <->>, <F>, <RPP>, <UR>, <IUR>, <IAE>, <IME>]
OK [<export>, <RE>, <RP>, <->>, <F>, <UR>, <RPP>, <IUR>, <IAE>, <IME>]
OK [<export>, <RE>, <RP>, <->>, <F>, <RPP>, <IUR>, <UR>, <IAE>, <IME>]
OK [<export>, <RE>, <RP>, <->>, <F>, <IUR>, <RPP>, <UR>, <IAE>, <IME>]
OK [<export>, <RE>, <RP>, <RPP>]
OK [<export>, <RE>, <RP>, <IAE>, <RPP>]
OK [<export>, <RE>, <RP>, <UR>, <RPP>]
OK [<export>, <RE>, <RP>, <IME>, <RPP>]
OK [<export>, <RE>, <RP>, <IUR>, <RPP>]
OK [<export>, <RE>, <RP>, <IUR>, <IAE>, <RPP>]
OK [<export>, <RE>, <RP>, <->>, <F>, <RPP>]
OK [<export>, <RE>, <RP>, <IUR>, <UR>, <RPP>]
OK [<export>, <RE>, <RP>, <IME>, <UR>, <RPP>]
OK [<export>, <RE>, <RP>, <IAE>, <UR>, <RPP>]
OK [<export>, <RE>, <RP>, <IUR>, <IME>, <RPP>]
OK [<export>, <RE>, <RP>, <UR>, <IME>, <RPP>]
OK [<export>, <RE>, <RP>, <IAE>, <IME>, <RPP>]
OK [<export>, <RE>, <RP>, <IME>, <IUR>, <RPP>]
OK [<export>, <RE>, <RP>, <UR>, <IUR>, <RPP>]
OK [<export>, <RE>, <RP>, <IAE>, <IUR>, <RPP>]
OK [<export>, <RE>, <RP>, <IME>, <IAE>, <RPP>]
OK [<export>, <RE>, <RP>, <UR>, <IAE>, <RPP>]
OK [<export>, <RE>, <RP>, <UR>, <IUR>, <IAE>, <RPP>]
OK [<export>, <RE>, <RP>, <IME>, <IAE>, <UR>, <RPP>]
OK [<export>, <RE>, <RP>, <IAE>, <IUR>, <UR>, <RPP>]
OK [<export>, <RE>, <RP>, <IME>, <IUR>, <UR>, <RPP>]
OK [<export>, <RE>, <RP>, <IAE>, <IME>, <UR>, <RPP>]
OK [<export>, <RE>, <RP>, <IUR>, <IME>, <UR>, <RPP>]
OK [<export>, <RE>, <RP>, <->>, <F>, <UR>, <RPP>]
OK [<export>, <RE>, <RP>, <IUR>, <IAE>, <UR>, <RPP>]
OK [<export>, <RE>, <RP>, <UR>, <IAE>, <IME>, <RPP>]
OK [<export>, <RE>, <RP>, <IAE>, <IUR>, <IME>, <RPP>]
OK [<export>, <RE>, <RP>, <UR>, <IUR>, <IME>, <RPP>]
OK [<export>, <RE>, <RP>, <IAE>, <UR>, <IME>, <RPP>]
OK [<export>, <RE>, <RP>, <IUR>, <UR>, <IME>, <RPP>]
OK [<export>, <RE>, <RP>, <->>, <F>, <IME>, <RPP>]
OK [<export>, <RE>, <RP>, <IUR>, <IAE>, <IME>, <RPP>]
OK [<export>, <RE>, <RP>, <IME>, <IAE>, <IUR>, <RPP>]
OK [<export>, <RE>, <RP>, <IAE>, <IME>, <IUR>, <RPP>]
OK [<export>, <RE>, <RP>, <UR>, <IME>, <IUR>, <RPP>]
OK [<export>, <RE>, <RP>, <IAE>, <UR>, <IUR>, <RPP>]
OK [<export>, <RE>, <RP>, <IME>, <UR>, <IUR>, <RPP>]
OK [<export>, <RE>, <RP>, <->>, <F>, <IUR>, <RPP>]
OK [<export>, <RE>, <RP>, <UR>, <IAE>, <IUR>, <RPP>]
OK [<export>, <RE>, <RP>, <IME>, <IUR>, <IAE>, <RPP>]
OK [<export>, <RE>, <RP>, <UR>, <IME>, <IAE>, <RPP>]
OK [<export>, <RE>, <RP>, <IUR>, <IME>, <IAE>, <RPP>]
OK [<export>, <RE>, <RP>, <IME>, <UR>, <IAE>, <RPP>]
OK [<export>, <RE>, <RP>, <IUR>, <UR>, <IAE>, <RPP>]
OK [<export>, <RE>, <RP>, <->>, <F>, <IAE>, <RPP>]
OK [<export>, <RE>, <RP>, <->>, <F>, <IUR>, <IAE>, <RPP>]
OK [<export>, <RE>, <RP>, <IUR>, <IME>, <IAE>, <UR>, <RPP>]
OK [<export>, <RE>, <RP>, <IME>, <IUR>, <IAE>, <UR>, <RPP>]
OK [<export>, <RE>, <RP>, <->>, <F>, <IUR>, <UR>, <RPP>]
OK [<export>, <RE>, <RP>, <IAE>, <IME>, <IUR>, <UR>, <RPP>]
OK [<export>, <RE>, <RP>, <IME>, <IAE>, <IUR>, <UR>, <RPP>]
OK [<export>, <RE>, <RP>, <IUR>, <IAE>, <IME>, <UR>, <RPP>]
OK [<export>, <RE>, <RP>, <->>, <F>, <IME>, <UR>, <RPP>]
OK [<export>, <RE>, <RP>, <IAE>, <IUR>, <IME>, <UR>, <RPP>]
OK [<export>, <RE>, <RP>, <->>, <F>, <IAE>, <UR>, <RPP>]
OK [<export>, <RE>, <RP>, <->>, <F>, <IAE>, <IME>, <RPP>]
OK [<export>, <RE>, <RP>, <IUR>, <UR>, <IAE>, <IME>, <RPP>]
OK [<export>, <RE>, <RP>, <UR>, <IAE>, <IUR>, <IME>, <RPP>]
OK [<export>, <RE>, <RP>, <->>, <F>, <IUR>, <IME>, <RPP>]
OK [<export>, <RE>, <RP>, <IAE>, <UR>, <IUR>, <IME>, <RPP>]
OK [<export>, <RE>, <RP>, <IUR>, <IAE>, <UR>, <IME>, <RPP>]
OK [<export>, <RE>, <RP>, <->>, <F>, <UR>, <IME>, <RPP>]
OK [<export>, <RE>, <RP>, <IAE>, <IUR>, <UR>, <IME>, <RPP>]
OK [<export>, <RE>, <RP>, <UR>, <IUR>, <IAE>, <IME>, <RPP>]
OK [<export>, <RE>, <RP>, <IME>, <UR>, <IAE>, <IUR>, <RPP>]
OK [<export>, <RE>, <RP>, <UR>, <IME>, <IAE>, <IUR>, <RPP>]
OK [<export>, <RE>, <RP>, <->>, <F>, <IME>, <IUR>, <RPP>]
OK [<export>, <RE>, <RP>, <IAE>, <UR>, <IME>, <IUR>, <RPP>]
OK [<export>, <RE>, <RP>, <UR>, <IAE>, <IME>, <IUR>, <RPP>]
OK [<export>, <RE>, <RP>, <->>, <F>, <UR>, <IUR>, <RPP>]
OK [<export>, <RE>, <RP>, <IAE>, <IME>, <UR>, <IUR>, <RPP>]
OK [<export>, <RE>, <RP>, <IME>, <IAE>, <UR>, <IUR>, <RPP>]
OK [<export>, <RE>, <RP>, <->>, <F>, <IAE>, <IUR>, <RPP>]
OK [<export>, <RE>, <RP>, <IME>, <UR>, <IUR>, <IAE>, <RPP>]
OK [<export>, <RE>, <RP>, <UR>, <IME>, <IUR>, <IAE>, <RPP>]
OK [<export>, <RE>, <RP>, <->>, <F>, <IME>, <IAE>, <RPP>]
OK [<export>, <RE>, <RP>, <IUR>, <UR>, <IME>, <IAE>, <RPP>]
OK [<export>, <RE>, <RP>, <UR>, <IUR>, <IME>, <IAE>, <RPP>]
OK [<export>, <RE>, <RP>, <->>, <F>, <UR>, <IAE>, <RPP>]
OK [<export>, <RE>, <RP>, <IUR>, <IME>, <UR>, <IAE>, <RPP>]
OK [<export>, <RE>, <RP>, <IME>, <IUR>, <UR>, <IAE>, <RPP>]
OK [<export>, <RE>, <RP>, <->>, <F>, <UR>, <IUR>, <IAE>, <RPP>]
OK [<export>, <RE>, <RP>, <->>, <F>, <IME>, <IAE>, <UR>, <RPP>]
OK [<export>, <RE>, <RP>, <->>, <F>, <IAE>, <IUR>, <UR>, <RPP>]
OK [<export>, <RE>, <RP>, <->>, <F>, <IME>, <IUR>, <UR>, <RPP>]
OK [<export>, <RE>, <RP>, <->>, <F>, <IUR>, <IME>, <UR>, <RPP>]
OK [<export>, <RE>, <RP>, <->>, <F>, <IAE>, <IME>, <UR>, <RPP>]
OK [<export>, <RE>, <RP>, <->>, <F>, <IUR>, <IAE>, <UR>, <RPP>]
OK [<export>, <RE>, <RP>, <->>, <F>, <UR>, <IAE>, <IME>, <RPP>]
OK [<export>, <RE>, <RP>, <->>, <F>, <IAE>, <IUR>, <IME>, <RPP>]
OK [<export>, <RE>, <RP>, <->>, <F>, <UR>, <IUR>, <IME>, <RPP>]
OK [<export>, <RE>, <RP>, <->>, <F>, <IAE>, <UR>, <IME>, <RPP>]
OK [<export>, <RE>, <RP>, <->>, <F>, <IUR>, <UR>, <IME>, <RPP>]
OK [<export>, <RE>, <RP>, <->>, <F>, <IUR>, <IAE>, <IME>, <RPP>]
OK [<export>, <RE>, <RP>, <->>, <F>, <IME>, <IAE>, <IUR>, <RPP>]
OK [<export>, <RE>, <RP>, <->>, <F>, <UR>, <IME>, <IUR>, <RPP>]
OK [<export>, <RE>, <RP>, <->>, <F>, <IAE>, <IME>, <IUR>, <RPP>]
OK [<export>, <RE>, <RP>, <->>, <F>, <IAE>, <UR>, <IUR>, <RPP>]
OK [<export>, <RE>, <RP>, <->>, <F>, <IME>, <UR>, <IUR>, <RPP>]
OK [<export>, <RE>, <RP>, <->>, <F>, <UR>, <IAE>, <IUR>, <RPP>]
OK [<export>, <RE>, <RP>, <->>, <F>, <IME>, <IUR>, <IAE>, <RPP>]
OK [<export>, <RE>, <RP>, <->>, <F>, <UR>, <IME>, <IAE>, <RPP>]
OK [<export>, <RE>, <RP>, <->>, <F>, <IUR>, <IME>, <IAE>, <RPP>]
OK [<export>, <RE>, <RP>, <->>, <F>, <IME>, <UR>, <IAE>, <RPP>]
OK [<export>, <RE>, <RP>, <->>, <F>, <IUR>, <UR>, <IAE>, <RPP>]
OK [<export>, <RE>, <RP>, <->>, <F>, <IME>, <UR>, <IUR>, <IAE>, <RPP>]
OK [<export>, <RE>, <RP>, <->>, <F>, <IME>, <IUR>, <IAE>, <UR>, <RPP>]
OK [<export>, <RE>, <RP>, <->>, <F>, <IAE>, <IME>, <IUR>, <UR>, <RPP>]
OK [<export>, <RE>, <RP>, <->>, <F>, <IME>, <IAE>, <IUR>, <UR>, <RPP>]
OK [<export>, <RE>, <RP>, <->>, <F>, <IUR>, <IAE>, <IME>, <UR>, <RPP>]
OK [<export>, <RE>, <RP>, <->>, <F>, <IAE>, <IUR>, <IME>, <UR>, <RPP>]
OK [<export>, <RE>, <RP>, <->>, <F>, <IUR>, <IME>, <IAE>, <UR>, <RPP>]
OK [<export>, <RE>, <RP>, <->>, <F>, <IUR>, <UR>, <IAE>, <IME>, <RPP>]
OK [<export>, <RE>, <RP>, <->>, <F>, <UR>, <IAE>, <IUR>, <IME>, <RPP>]
OK [<export>, <RE>, <RP>, <->>, <F>, <IAE>, <UR>, <IUR>, <IME>, <RPP>]
OK [<export>, <RE>, <RP>, <->>, <F>, <IUR>, <IAE>, <UR>, <IME>, <RPP>]
OK [<export>, <RE>, <RP>, <->>, <F>, <IAE>, <IUR>, <UR>, <IME>, <RPP>]
OK [<export>, <RE>, <RP>, <->>, <F>, <UR>, <IUR>, <IAE>, <IME>, <RPP>]
OK [<export>, <RE>, <RP>, <->>, <F>, <UR>, <IME>, <IAE>, <IUR>, <RPP>]
OK [<export>, <RE>, <RP>, <->>, <F>, <IAE>, <UR>, <IME>, <IUR>, <RPP>]
OK [<export>, <RE>, <RP>, <->>, <F>, <UR>, <IAE>, <IME>, <IUR>, <RPP>]
OK [<export>, <RE>, <RP>, <->>, <F>, <IAE>, <IME>, <UR>, <IUR>, <RPP>]
OK [<export>, <RE>, <RP>, <->>, <F>, <IME>, <IAE>, <UR>, <IUR>, <RPP>]
OK [<export>, <RE>, <RP>, <->>, <F>, <IME>, <UR>, <IAE>, <IUR>, <RPP>]
OK [<export>, <RE>, <RP>, <->>, <F>, <UR>, <IME>, <IUR>, <IAE>, <RPP>]
OK [<export>, <RE>, <RP>, <->>, <F>, <IUR>, <UR>, <IME>, <IAE>, <RPP>]
OK [<export>, <RE>, <RP>, <->>, <F>, <UR>, <IUR>, <IME>, <IAE>, <RPP>]
OK [<export>, <RE>, <RP>, <->>, <F>, <IUR>, <IME>, <UR>, <IAE>, <RPP>]
OK [<export>, <RE>, <RP>, <->>, <F>, <IME>, <IUR>, <UR>, <IAE>, <RPP>]
OK [<export>, <RE>, <RP>, <IAE>]
OK [<export>, <RE>, <RP>, <RPP>, <IAE>]
OK [<export>, <RE>, <RP>, <UR>, <IAE>]
OK [<export>, <RE>, <RP>, <IME>, <IAE>]
OK [<export>, <RE>, <RP>, <IUR>, <IAE>]
OK [<export>, <RE>, <RP>, <IUR>, <RPP>, <IAE>]
OK [<export>, <RE>, <RP>, <->>, <F>, <IAE>]
OK [<export>, <RE>, <RP>, <IUR>, <UR>, <IAE>]
OK [<export>, <RE>, <RP>, <IME>, <UR>, <IAE>]
OK [<export>, <RE>, <RP>, <RPP>, <UR>, <IAE>]
OK [<export>, <RE>, <RP>, <IUR>, <IME>, <IAE>]
OK [<export>, <RE>, <RP>, <UR>, <IME>, <IAE>]
OK [<export>, <RE>, <RP>, <RPP>, <IME>, <IAE>]
OK [<export>, <RE>, <RP>, <IME>, <IUR>, <IAE>]
OK [<export>, <RE>, <RP>, <UR>, <IUR>, <IAE>]
OK [<export>, <RE>, <RP>, <RPP>, <IUR>, <IAE>]
OK [<export>, <RE>, <RP>, <IME>, <RPP>, <IAE>]
OK [<export>, <RE>, <RP>, <UR>, <RPP>, <IAE>]
OK [<export>, <RE>, <RP>, <UR>, <IUR>, <RPP>, <IAE>]
OK [<export>, <RE>, <RP>, <IME>, <RPP>, <UR>, <IAE>]
OK [<export>, <RE>, <RP>, <RPP>, <IUR>, <UR>, <IAE>]
OK [<export>, <RE>, <RP>, <IME>, <IUR>, <UR>, <IAE>]
OK [<export>, <RE>, <RP>, <RPP>, <IME>, <UR>, <IAE>]
OK [<export>, <RE>, <RP>, <IUR>, <IME>, <UR>, <IAE>]
OK [<export>, <RE>, <RP>, <->>, <F>, <UR>, <IAE>]
OK [<export>, <RE>, <RP>, <IUR>, <RPP>, <UR>, <IAE>]
OK [<export>, <RE>, <RP>, <UR>, <RPP>, <IME>, <IAE>]
OK [<export>, <RE>, <RP>, <RPP>, <IUR>, <IME>, <IAE>]
OK [<export>, <RE>, <RP>, <UR>, <IUR>, <IME>, <IAE>]
OK [<export>, <RE>, <RP>, <RPP>, <UR>, <IME>, <IAE>]
OK [<export>, <RE>, <RP>, <IUR>, <UR>, <IME>, <IAE>]
OK [<export>, <RE>, <RP>, <->>, <F>, <IME>, <IAE>]
OK [<export>, <RE>, <RP>, <IUR>, <RPP>, <IME>, <IAE>]
OK [<export>, <RE>, <RP>, <IME>, <RPP>, <IUR>, <IAE>]
OK [<export>, <RE>, <RP>, <RPP>, <IME>, <IUR>, <IAE>]
OK [<export>, <RE>, <RP>, <UR>, <IME>, <IUR>, <IAE>]
OK [<export>, <RE>, <RP>, <RPP>, <UR>, <IUR>, <IAE>]
OK [<export>, <RE>, <RP>, <IME>, <UR>, <IUR>, <IAE>]
OK [<export>, <RE>, <RP>, <->>, <F>, <IUR>, <IAE>]
OK [<export>, <RE>, <RP>, <UR>, <RPP>, <IUR>, <IAE>]
OK [<export>, <RE>, <RP>, <IME>, <IUR>, <RPP>, <IAE>]
OK [<export>, <RE>, <RP>, <UR>, <IME>, <RPP>, <IAE>]
OK [<export>, <RE>, <RP>, <IUR>, <IME>, <RPP>, <IAE>]
OK [<export>, <RE>, <RP>, <IME>, <UR>, <RPP>, <IAE>]
OK [<export>, <RE>, <RP>, <IUR>, <UR>, <RPP>, <IAE>]
OK [<export>, <RE>, <RP>, <->>, <F>, <RPP>, <IAE>]
OK [<export>, <RE>, <RP>, <->>, <F>, <IUR>, <RPP>, <IAE>]
OK [<export>, <RE>, <RP>, <IUR>, <IME>, <RPP>, <UR>, <IAE>]
OK [<export>, <RE>, <RP>, <IME>, <IUR>, <RPP>, <UR>, <IAE>]
OK [<export>, <RE>, <RP>, <->>, <F>, <IUR>, <UR>, <IAE>]
OK [<export>, <RE>, <RP>, <RPP>, <IME>, <IUR>, <UR>, <IAE>]
OK [<export>, <RE>, <RP>, <IME>, <RPP>, <IUR>, <UR>, <IAE>]
OK [<export>, <RE>, <RP>, <IUR>, <RPP>, <IME>, <UR>, <IAE>]
OK [<export>, <RE>, <RP>, <->>, <F>, <IME>, <UR>, <IAE>]
OK [<export>, <RE>, <RP>, <RPP>, <IUR>, <IME>, <UR>, <IAE>]
OK [<export>, <RE>, <RP>, <->>, <F>, <RPP>, <UR>, <IAE>]
OK [<export>, <RE>, <RP>, <->>, <F>, <RPP>, <IME>, <IAE>]
OK [<export>, <RE>, <RP>, <IUR>, <UR>, <RPP>, <IME>, <IAE>]
OK [<export>, <RE>, <RP>, <UR>, <RPP>, <IUR>, <IME>, <IAE>]
OK [<export>, <RE>, <RP>, <->>, <F>, <IUR>, <IME>, <IAE>]
OK [<export>, <RE>, <RP>, <RPP>, <UR>, <IUR>, <IME>, <IAE>]
OK [<export>, <RE>, <RP>, <IUR>, <RPP>, <UR>, <IME>, <IAE>]
OK [<export>, <RE>, <RP>, <->>, <F>, <UR>, <IME>, <IAE>]
OK [<export>, <RE>, <RP>, <RPP>, <IUR>, <UR>, <IME>, <IAE>]
OK [<export>, <RE>, <RP>, <UR>, <IUR>, <RPP>, <IME>, <IAE>]
OK [<export>, <RE>, <RP>, <IME>, <UR>, <RPP>, <IUR>, <IAE>]
OK [<export>, <RE>, <RP>, <UR>, <IME>, <RPP>, <IUR>, <IAE>]
OK [<export>, <RE>, <RP>, <->>, <F>, <IME>, <IUR>, <IAE>]
OK [<export>, <RE>, <RP>, <RPP>, <UR>, <IME>, <IUR>, <IAE>]
OK [<export>, <RE>, <RP>, <UR>, <RPP>, <IME>, <IUR>, <IAE>]
OK [<export>, <RE>, <RP>, <->>, <F>, <UR>, <IUR>, <IAE>]
OK [<export>, <RE>, <RP>, <RPP>, <IME>, <UR>, <IUR>, <IAE>]
OK [<export>, <RE>, <RP>, <IME>, <RPP>, <UR>, <IUR>, <IAE>]
OK [<export>, <RE>, <RP>, <->>, <F>, <RPP>, <IUR>, <IAE>]
OK [<export>, <RE>, <RP>, <IME>, <UR>, <IUR>, <RPP>, <IAE>]
OK [<export>, <RE>, <RP>, <UR>, <IME>, <IUR>, <RPP>, <IAE>]
OK [<export>, <RE>, <RP>, <->>, <F>, <IME>, <RPP>, <IAE>]
OK [<export>, <RE>, <RP>, <IUR>, <UR>, <IME>, <RPP>, <IAE>]
OK [<export>, <RE>, <RP>, <UR>, <IUR>, <IME>, <RPP>, <IAE>]
OK [<export>, <RE>, <RP>, <->>, <F>, <UR>, <RPP>, <IAE>]
OK [<export>, <RE>, <RP>, <IUR>, <IME>, <UR>, <RPP>, <IAE>]
OK [<export>, <RE>, <RP>, <IME>, <IUR>, <UR>, <RPP>, <IAE>]
OK [<export>, <RE>, <RP>, <->>, <F>, <UR>, <IUR>, <RPP>, <IAE>]
OK [<export>, <RE>, <RP>, <->>, <F>, <IME>, <RPP>, <UR>, <IAE>]
OK [<export>, <RE>, <RP>, <->>, <F>, <RPP>, <IUR>, <UR>, <IAE>]
OK [<export>, <RE>, <RP>, <->>, <F>, <IME>, <IUR>, <UR>, <IAE>]
OK [<export>, <RE>, <RP>, <->>, <F>, <IUR>, <IME>, <UR>, <IAE>]
OK [<export>, <RE>, <RP>, <->>, <F>, <RPP>, <IME>, <UR>, <IAE>]
OK [<export>, <RE>, <RP>, <->>, <F>, <IUR>, <RPP>, <UR>, <IAE>]
OK [<export>, <RE>, <RP>, <->>, <F>, <UR>, <RPP>, <IME>, <IAE>]
OK [<export>, <RE>, <RP>, <->>, <F>, <RPP>, <IUR>, <IME>, <IAE>]
OK [<export>, <RE>, <RP>, <->>, <F>, <UR>, <IUR>, <IME>, <IAE>]
OK [<export>, <RE>, <RP>, <->>, <F>, <RPP>, <UR>, <IME>, <IAE>]
OK [<export>, <RE>, <RP>, <->>, <F>, <IUR>, <UR>, <IME>, <IAE>]
OK [<export>, <RE>, <RP>, <->>, <F>, <IUR>, <RPP>, <IME>, <IAE>]
OK [<export>, <RE>, <RP>, <->>, <F>, <IME>, <RPP>, <IUR>, <IAE>]
OK [<export>, <RE>, <RP>, <->>, <F>, <UR>, <IME>, <IUR>, <IAE>]
OK [<export>, <RE>, <RP>, <->>, <F>, <RPP>, <IME>, <IUR>, <IAE>]
OK [<export>, <RE>, <RP>, <->>, <F>, <RPP>, <UR>, <IUR>, <IAE>]
OK [<export>, <RE>, <RP>, <->>, <F>, <IME>, <UR>, <IUR>, <IAE>]
OK [<export>, <RE>, <RP>, <->>, <F>, <UR>, <RPP>, <IUR>, <IAE>]
OK [<export>, <RE>, <RP>, <->>, <F>, <IME>, <IUR>, <RPP>, <IAE>]
OK [<export>, <RE>, <RP>, <->>, <F>, <UR>, <IME>, <RPP>, <IAE>]
OK [<export>, <RE>, <RP>, <->>, <F>, <IUR>, <IME>, <RPP>, <IAE>]
OK [<export>, <RE>, <RP>, <->>, <F>, <IME>, <UR>, <RPP>, <IAE>]
OK [<export>, <RE>, <RP>, <->>, <F>, <IUR>, <UR>, <RPP>, <IAE>]
OK [<export>, <RE>, <RP>, <->>, <F>, <IME>, <UR>, <IUR>, <RPP>, <IAE>]
OK [<export>, <RE>, <RP>, <->>, <F>, <IME>, <IUR>, <RPP>, <UR>, <IAE>]
OK [<export>, <RE>, <RP>, <->>, <F>, <RPP>, <IME>, <IUR>, <UR>, <IAE>]
OK [<export>, <RE>, <RP>, <->>, <F>, <IME>, <RPP>, <IUR>, <UR>, <IAE>]
OK [<export>, <RE>, <RP>, <->>, <F>, <IUR>, <RPP>, <IME>, <UR>, <IAE>]
OK [<export>, <RE>, <RP>, <->>, <F>, <RPP>, <IUR>, <IME>, <UR>, <IAE>]
OK [<export>, <RE>, <RP>, <->>, <F>, <IUR>, <IME>, <RPP>, <UR>, <IAE>]
OK [<export>, <RE>, <RP>, <->>, <F>, <IUR>, <UR>, <RPP>, <IME>, <IAE>]
OK [<export>, <RE>, <RP>, <->>, <F>, <UR>, <RPP>, <IUR>, <IME>, <IAE>]
OK [<export>, <RE>, <RP>, <->>, <F>, <RPP>, <UR>, <IUR>, <IME>, <IAE>]
OK [<export>, <RE>, <RP>, <->>, <F>, <IUR>, <RPP>, <UR>, <IME>, <IAE>]
OK [<export>, <RE>, <RP>, <->>, <F>, <RPP>, <IUR>, <UR>, <IME>, <IAE>]
OK [<export>, <RE>, <RP>, <->>, <F>, <UR>, <IUR>, <RPP>, <IME>, <IAE>]
OK [<export>, <RE>, <RP>, <->>, <F>, <UR>, <IME>, <RPP>, <IUR>, <IAE>]
OK [<export>, <RE>, <RP>, <->>, <F>, <RPP>, <UR>, <IME>, <IUR>, <IAE>]
OK [<export>, <RE>, <RP>, <->>, <F>, <UR>, <RPP>, <IME>, <IUR>, <IAE>]
OK [<export>, <RE>, <RP>, <->>, <F>, <RPP>, <IME>, <UR>, <IUR>, <IAE>]
OK [<export>, <RE>, <RP>, <->>, <F>, <IME>, <RPP>, <UR>, <IUR>, <IAE>]
OK [<export>, <RE>, <RP>, <->>, <F>, <IME>, <UR>, <RPP>, <IUR>, <IAE>]
OK [<export>, <RE>, <RP>, <->>, <F>, <UR>, <IME>, <IUR>, <RPP>, <IAE>]
OK [<export>, <RE>, <RP>, <->>, <F>, <IUR>, <UR>, <IME>, <RPP>, <IAE>]
OK [<export>, <RE>, <RP>, <->>, <F>, <UR>, <IUR>, <IME>, <RPP>, <IAE>]
OK [<export>, <RE>, <RP>, <->>, <F>, <IUR>, <IME>, <UR>, <RPP>, <IAE>]
OK [<export>, <RE>, <RP>, <->>, <F>, <IME>, <IUR>, <UR>, <RPP>, <IAE>]
OK [<dummy>, <-o>, <X1>]
OK [<dummy>, <->>, <Abc>, <-o>, <X1>]
OK [<dummy>, <-o>, <X2>]
OK [<dummy>, <->>, <Abc>, <-o>, <X2>]
OK [<dummy>, <-o>, <X3>]
OK [<dummy>, <->>, <Abc>, <-o>, <X3>]
OK [<dummy>, <->>, <Abc>]
OK [<dummy>, <-o>, <X2>, <->>, <Abc>]
OK [<dummy>, <-o>, <X3>, <->>, <Abc>]
